nohup: ignoring input

  .   ____          _            __ _ _
 /\\ / ___'_ __ _ _(_)_ __  __ _ \ \ \ \
( ( )\___ | '_ | '_| | '_ \/ _` | \ \ \ \
 \\/  ___)| |_)| | | | | || (_| |  ) ) ) )
  '  |____| .__|_| |_|_| |_\__, | / / / /
 =========|_|==============|___/=/_/_/_/

 :: Spring Boot ::                (v3.5.7)

2025-10-27T17:19:43.889+05:30  INFO 36430 --- [           main] c.e.finsights.FinsightsApplication       : Starting FinsightsApplication v0.0.1-SNAPSHOT using Java 17.0.16 with PID 36430 (/mnt/c/Users/sunka/Documents/Projects/kubernetes-final/target/finsights-app-0.0.1-SNAPSHOT.jar started by arudra in /mnt/c/Users/sunka/Documents/Projects/kubernetes-final)
2025-10-27T17:19:43.902+05:30  INFO 36430 --- [           main] c.e.finsights.FinsightsApplication       : No active profile set, falling back to 1 default profile: "default"
2025-10-27T17:19:49.081+05:30  INFO 36430 --- [           main] o.s.b.w.embedded.tomcat.TomcatWebServer  : Tomcat initialized with port 8086 (http)
2025-10-27T17:19:49.134+05:30  INFO 36430 --- [           main] o.apache.catalina.core.StandardService   : Starting service [Tomcat]
2025-10-27T17:19:49.135+05:30  INFO 36430 --- [           main] o.apache.catalina.core.StandardEngine    : Starting Servlet engine: [Apache Tomcat/10.1.48]
2025-10-27T17:19:49.269+05:30  INFO 36430 --- [           main] o.a.c.c.C.[Tomcat].[localhost].[/]       : Initializing Spring embedded WebApplicationContext
2025-10-27T17:19:49.274+05:30  INFO 36430 --- [           main] w.s.c.ServletWebServerApplicationContext : Root WebApplicationContext: initialization completed in 5093 ms
2025-10-27T17:19:51.455+05:30  INFO 36430 --- [           main] o.s.b.a.e.web.EndpointLinksResolver      : Exposing 1 endpoint beneath base path '/actuator'
2025-10-27T17:19:51.586+05:30  WARN 36430 --- [           main] ConfigServletWebServerApplicationContext : Exception encountered during context initialization - cancelling refresh attempt: org.springframework.context.ApplicationContextException: Failed to start bean 'webServerStartStop'
2025-10-27T17:19:51.644+05:30  INFO 36430 --- [           main] .s.b.a.l.ConditionEvaluationReportLogger : 

Error starting ApplicationContext. To display the condition evaluation report re-run your application with 'debug' enabled.
2025-10-27T17:19:51.736+05:30 ERROR 36430 --- [           main] o.s.b.d.LoggingFailureAnalysisReporter   : 

***************************
APPLICATION FAILED TO START
***************************

Description:

Web server failed to start. Port 8086 was already in use.

Action:

Identify and stop the process that's listening on port 8086 or configure this application to listen on another port.

